0 info it worked if it ends with ok
1 verbose cli [ 'E:\\Andrew\\Node.js\\node.exe',
1 verbose cli   'E:\\Andrew\\Node.js\\node_modules\\npm\\bin\\npm-cli.js',
1 verbose cli   'run',
1 verbose cli   'dev' ]
2 info using npm@3.10.10
3 info using node@v6.11.2
4 verbose run-script [ 'predev', 'dev', 'postdev' ]
5 info lifecycle web1@0.0.0~predev: web1@0.0.0
6 silly lifecycle web1@0.0.0~predev: no script for predev, continuing
7 info lifecycle web1@0.0.0~dev: web1@0.0.0
8 verbose lifecycle web1@0.0.0~dev: unsafe-perm in lifecycle true
9 verbose lifecycle web1@0.0.0~dev: PATH: E:\Andrew\Node.js\node_modules\npm\bin\node-gyp-bin;E:\Andrew\ExpressJS\web1\node_modules\.bin;C:\ProgramData\Oracle\Java\javapath;C:\PROGRAM FILES (X86)\INTEL\ICLS CLIENT\;C:\PROGRAM FILES\INTEL\ICLS CLIENT\;C:\PROGRAM FILES\BROADCOM\BROADCOM 802.11 NETWORK ADAPTER\DRIVER;;C:\Windows\SYSTEM32;C:\Windows;C:\Windows\SYSTEM32\WBEM;C:\Windows\SYSTEM32\WINDOWSPOWERSHELL\V1.0\;C:\PROGRAM FILES (X86)\INTEL\OPENCL SDK\2.0\BIN\X86;C:\PROGRAM FILES (X86)\INTEL\OPENCL SDK\2.0\BIN\X64;C:\PROGRAM FILES\INTEL\INTEL(R) MANAGEMENT ENGINE COMPONENTS\DAL;C:\PROGRAM FILES\INTEL\INTEL(R) MANAGEMENT ENGINE COMPONENTS\IPT;C:\PROGRAM FILES (X86)\INTEL\INTEL(R) MANAGEMENT ENGINE COMPONENTS\DAL;C:\PROGRAM FILES (X86)\INTEL\INTEL(R) MANAGEMENT ENGINE COMPONENTS\IPT;;C:\Program Files\Lenovo\Bluetooth Software\;C:\Program Files\Lenovo\Bluetooth Software\syswow64;C:\Program Files (x86)\Windows Kits\8.1\Windows Performance Toolkit\;C:\Program Files\Microsoft SQL Server\110\Tools\Binn\;C:\Program Files (x86)\Microsoft SDKs\TypeScript\1.0\;C:\Program Files\Microsoft SQL Server\120\Tools\Binn\;E:\Andrew\MiKTeX 2.9\miktex\bin\x64\;C:\Program Files (x86)\Intel\OpenCL SDK\2.0\bin\x86;C:\Program Files (x86)\Intel\OpenCL SDK\2.0\bin\x64;C:\Program Files (x86)\Skype\Phone\;C:\Program Files (x86)\GtkSharp\2.12\bin;E:\Andrew\Node.js\;E:\Andrew\Heroku\bin;C:\Program Files\Heroku\bin;C:\Users\Андрей\Heroku\bin;C:\Users\Андрей\AppData\Roaming\npm
10 verbose lifecycle web1@0.0.0~dev: CWD: E:\Andrew\ExpressJS\web1
11 silly lifecycle web1@0.0.0~dev: Args: [ '/d /s /c', 'nodemon ./bin/www' ]
12 silly lifecycle web1@0.0.0~dev: Returned: code: 3221225786  signal: null
13 info lifecycle web1@0.0.0~dev: Failed to exec dev script
14 verbose stack Error: web1@0.0.0 dev: `nodemon ./bin/www`
14 verbose stack Exit status 3221225786
14 verbose stack     at EventEmitter.<anonymous> (E:\Andrew\Node.js\node_modules\npm\lib\utils\lifecycle.js:255:16)
14 verbose stack     at emitTwo (events.js:106:13)
14 verbose stack     at EventEmitter.emit (events.js:191:7)
14 verbose stack     at ChildProcess.<anonymous> (E:\Andrew\Node.js\node_modules\npm\lib\utils\spawn.js:40:14)
14 verbose stack     at emitTwo (events.js:106:13)
14 verbose stack     at ChildProcess.emit (events.js:191:7)
14 verbose stack     at maybeClose (internal/child_process.js:891:16)
14 verbose stack     at Process.ChildProcess._handle.onexit (internal/child_process.js:226:5)
15 verbose pkgid web1@0.0.0
16 verbose cwd E:\Andrew\ExpressJS\web1
17 error Windows_NT 6.1.7601
18 error argv "E:\\Andrew\\Node.js\\node.exe" "E:\\Andrew\\Node.js\\node_modules\\npm\\bin\\npm-cli.js" "run" "dev"
19 error node v6.11.2
20 error npm  v3.10.10
21 error code ELIFECYCLE
22 error web1@0.0.0 dev: `nodemon ./bin/www`
22 error Exit status 3221225786
23 error Failed at the web1@0.0.0 dev script 'nodemon ./bin/www'.
23 error Make sure you have the latest version of node.js and npm installed.
23 error If you do, this is most likely a problem with the web1 package,
23 error not with npm itself.
23 error Tell the author that this fails on your system:
23 error     nodemon ./bin/www
23 error You can get information on how to open an issue for this project with:
23 error     npm bugs web1
23 error Or if that isn't available, you can get their info via:
23 error     npm owner ls web1
23 error There is likely additional logging output above.
24 verbose exit [ 1, true ]
